[INFO] 2019-03-12 15:35:16,373 applicationLogger run - Starting application...
[INFO] 2019-03-12 15:36:04,289 applicationLogger run - Starting application...
[DEBUG] 2019-03-12 15:36:04,293 applicationLogger run - log testing
[INFO] 2019-03-12 15:39:33,552 applicationLogger run - Starting application...
[DEBUG] 2019-03-12 15:39:33,556 applicationLogger run - log testing
[INFO] 2019-03-12 15:41:40,179 applicationLogger run - Starting application...
[DEBUG] 2019-03-12 15:41:40,183 applicationLogger run - log testing
[INFO] 2019-03-12 15:41:51,709 applicationLogger run - Starting application...
[DEBUG] 2019-03-12 15:41:51,713 applicationLogger run - log testing
[INFO] 2019-03-25 10:42:02,282 applicationLogger run - Starting application... running stream producer...
[INFO] 2019-03-25 10:42:28,698 applicationLogger run - Starting application... running stream producer...
[ERROR] 2019-03-25 10:42:28,703 applicationLogger run - Could not load kafka parameters.. Check kafka parameters file. 
Details: java.io.FileNotFoundException: KafkaParams.properties (No such file or directory)
[INFO] 2019-03-25 10:42:50,848 applicationLogger run - Starting application... running stream producer...
[INFO] 2019-03-25 10:44:00,367 applicationLogger run - Starting application... running stream producer...
[INFO] 2019-03-25 10:44:58,378 applicationLogger run - Starting application... running stream producer...
[INFO] 2019-03-25 10:50:16,634 applicationLogger run - Starting application... running stream producer...
[ERROR] 2019-03-25 10:50:16,642 applicationLogger run - Failed to send message to kafka topic car_supply. 
Details :
[INFO] 2019-03-25 10:50:40,873 applicationLogger run - Starting application... running stream producer...
[ERROR] 2019-03-25 10:50:40,926 applicationLogger run - Failed to send message to kafka topic car_supply. 
Details :
[INFO] 2019-03-25 10:53:52,964 applicationLogger run - Starting application... running stream producer...
[ERROR] 2019-03-25 10:53:53,008 applicationLogger run - Failed to send message to kafka topic car_supply. 
Details :
[INFO] 2019-03-25 10:56:16,390 applicationLogger run - Starting application... running stream producer...
[ERROR] 2019-03-25 10:56:16,438 applicationLogger run - Failed to send message to kafka topic car_supply. 
Details :
[INFO] 2019-03-25 10:56:30,410 applicationLogger run - Starting application... running stream producer...
[ERROR] 2019-03-25 10:56:51,583 applicationLogger run - Failed to send message to kafka topic car_supply. 
Details :
[INFO] 2019-03-25 10:56:56,303 applicationLogger run - Starting application... running stream producer...
[ERROR] 2019-03-25 10:56:56,465 applicationLogger run - Failed to send message to kafka topic car_supply. 
Details :
[INFO] 2019-03-25 11:02:28,285 applicationLogger run - Starting application... running stream producer...
[INFO] 2019-03-25 11:17:15,543 applicationLogger run - Starting application... running stream producer...
[INFO] 2019-03-25 11:18:39,530 applicationLogger run - Starting application... running stream producer...
[INFO] 2019-03-25 12:17:11,697 applicationLogger run - Starting application... running stream producer...
[ERROR] 2019-03-29 13:04:30,782 applicationLogger run - java.lang.RuntimeException: Could not parse command line arguments. 
Details: org.apache.commons.cli.MissingOptionException: Missing required option: kafkaParams
[INFO] 2019-04-02 12:08:59,321 applicationLogger run - Starting application... running stream producer...
[INFO] 2019-04-02 12:09:30,555 applicationLogger run - Starting application... running stream producer...
[INFO] 2019-04-10 15:13:32,408 applicationLogger run - Starting application... running stream producer...
[INFO] 2019-04-10 15:16:42,515 applicationLogger run - Starting application... running stream producer...
[INFO] 2019-04-15 11:02:04,604 applicationLogger run - Starting application... running stream producer...
[INFO] 2019-04-16 11:45:39,180 applicationLogger run - Starting application... running stream producer...
[INFO] 2019-04-19 13:10:26,210 applicationLogger run - Starting application... running stream producer...
